2018-06-25 16:30:52,588 INFO o.a.j.u.JMeterUtils: Setting Locale to en_US
2018-06-25 16:30:52,602 INFO o.a.j.JMeter: Loading user properties from: C:\Concourse\jmeter-pcf\apache-jmeter\bin\user.properties
2018-06-25 16:30:52,602 INFO o.a.j.JMeter: Loading system properties from: C:\Concourse\jmeter-pcf\apache-jmeter\bin\system.properties
2018-06-25 16:30:52,603 INFO o.a.j.JMeter: Setting JMeter property: users=10
2018-06-25 16:30:52,603 INFO o.a.j.JMeter: Setting JMeter property: rampup=120
2018-06-25 16:30:52,603 INFO o.a.j.JMeter: Setting JMeter property: apiServerUrl=safearrival-api.app.pcfdev.one.west.com
2018-06-25 16:30:52,603 INFO o.a.j.JMeter: Setting JMeter property: xmlReportPath=log/log.xml
2018-06-25 16:30:52,606 INFO o.a.j.JMeter: Copyright (c) 1998-2017 The Apache Software Foundation
2018-06-25 16:30:52,607 INFO o.a.j.JMeter: Version 3.2 r1790748
2018-06-25 16:30:52,607 INFO o.a.j.JMeter: java.version=1.8.0_121
2018-06-25 16:30:52,607 INFO o.a.j.JMeter: java.vm.name=Java HotSpot(TM) 64-Bit Server VM
2018-06-25 16:30:52,607 INFO o.a.j.JMeter: os.name=Windows 10
2018-06-25 16:30:52,607 INFO o.a.j.JMeter: os.arch=amd64
2018-06-25 16:30:52,607 INFO o.a.j.JMeter: os.version=10.0
2018-06-25 16:30:52,607 INFO o.a.j.JMeter: file.encoding=GBK
2018-06-25 16:30:52,607 INFO o.a.j.JMeter: Max memory     =6442450944
2018-06-25 16:30:52,607 INFO o.a.j.JMeter: Available Processors =8
2018-06-25 16:30:52,610 INFO o.a.j.JMeter: Default Locale=English (United States)
2018-06-25 16:30:52,610 INFO o.a.j.JMeter: JMeter  Locale=English (United States)
2018-06-25 16:30:52,610 INFO o.a.j.JMeter: JMeterHome=C:\Concourse\jmeter-pcf\apache-jmeter
2018-06-25 16:30:52,610 INFO o.a.j.JMeter: user.dir  =C:\Concourse\jmeter-pcf
2018-06-25 16:30:52,611 INFO o.a.j.JMeter: PWD       =C:\Concourse\jmeter-pcf
2018-06-25 16:31:01,614 INFO o.a.j.JMeter: IP: 169.254.34.223 Name: ParisHuang FullName: ParisHuang.SVTZH.com
2018-06-25 16:31:01,616 INFO o.a.j.JMeter: Setting property 'jmeter.reportgenerator.outputdir' to:'C:\Concourse\jmeter-pcf\output\reports\many_guardian_instantaneous_concurrent_call_get_safearrival_api'
2018-06-25 16:31:01,617 INFO o.a.j.s.FileServer: Default base='C:\Concourse\jmeter-pcf'
2018-06-25 16:31:01,618 INFO o.a.j.s.FileServer: Set new base='C:\Concourse\jmeter-pcf\src\test\resources\jmx'
2018-06-25 16:31:01,688 INFO o.a.j.s.SaveService: Testplan (JMX) version: 2.2. Testlog (JTL) version: 2.2
2018-06-25 16:31:01,698 INFO o.a.j.s.SaveService: Using SaveService properties file encoding UTF-8
2018-06-25 16:31:01,702 INFO o.a.j.s.SaveService: Using SaveService properties version 3.2
2018-06-25 16:31:01,706 INFO o.a.j.s.SaveService: Loading file: src\test\resources\jmx\GetSafeArrivalAPI.jmx
2018-06-25 16:31:01,746 INFO o.a.j.p.h.s.HTTPSamplerBase: Parser for text/html is org.apache.jmeter.protocol.http.parser.LagartoBasedHtmlParser
2018-06-25 16:31:01,746 INFO o.a.j.p.h.s.HTTPSamplerBase: Parser for application/xhtml+xml is org.apache.jmeter.protocol.http.parser.LagartoBasedHtmlParser
2018-06-25 16:31:01,746 INFO o.a.j.p.h.s.HTTPSamplerBase: Parser for application/xml is org.apache.jmeter.protocol.http.parser.LagartoBasedHtmlParser
2018-06-25 16:31:01,746 INFO o.a.j.p.h.s.HTTPSamplerBase: Parser for text/xml is org.apache.jmeter.protocol.http.parser.LagartoBasedHtmlParser
2018-06-25 16:31:01,747 INFO o.a.j.p.h.s.HTTPSamplerBase: Parser for text/vnd.wap.wml is org.apache.jmeter.protocol.http.parser.RegexpHTMLParser
2018-06-25 16:31:01,747 INFO o.a.j.p.h.s.HTTPSamplerBase: Parser for text/css is org.apache.jmeter.protocol.http.parser.CssParser
2018-06-25 16:31:01,770 INFO o.a.j.JMeter: Creating summariser <summary>
2018-06-25 16:31:01,775 INFO o.a.j.r.d.ReportGenerator: ReportGenerator will use for Parsing the separator: ','
2018-06-25 16:31:01,775 INFO o.a.j.r.d.ReportGenerator: Will generate report at end of test from  results file: log/log.csv
2018-06-25 16:31:01,775 INFO o.a.j.r.d.ReportGenerator: Reading report generator properties from: C:\Concourse\jmeter-pcf\apache-jmeter\bin\reportgenerator.properties
2018-06-25 16:31:01,776 INFO o.a.j.r.d.ReportGenerator: Merging with JMeter properties
2018-06-25 16:31:01,780 INFO o.a.j.r.c.ReportGeneratorConfiguration: Property 'jmeter.reportgenerator.temp_dir' not found, using default value 'temp' instead.
2018-06-25 16:31:01,781 INFO o.a.j.r.c.ReportGeneratorConfiguration: Property 'jmeter.reportgenerator.apdex_per_transaction' not found, using default value 'null' instead.
2018-06-25 16:31:01,782 INFO o.a.j.r.c.ReportGeneratorConfiguration: apdex_per_transaction : {} is empty, not APDEX per transaction customization
2018-06-25 16:31:01,782 INFO o.a.j.r.c.ReportGeneratorConfiguration: Property 'jmeter.reportgenerator.sample_filter' not found, using default value 'null' instead.
2018-06-25 16:31:01,782 INFO o.a.j.r.c.ReportGeneratorConfiguration: Property 'jmeter.reportgenerator.report_title' not found, using default value 'null' instead.
2018-06-25 16:31:01,782 INFO o.a.j.r.c.ReportGeneratorConfiguration: Property 'jmeter.reportgenerator.start_date' not found, using default value 'null' instead.
2018-06-25 16:31:01,782 INFO o.a.j.r.c.ReportGeneratorConfiguration: Property 'jmeter.reportgenerator.end_date' not found, using default value 'null' instead.
2018-06-25 16:31:01,782 INFO o.a.j.r.c.ReportGeneratorConfiguration: Property 'jmeter.reportgenerator.date_format' not found, using default value 'null' instead.
2018-06-25 16:31:01,782 INFO o.a.j.r.c.ReportGeneratorConfiguration: Will use date range start date: null, end date: null
2018-06-25 16:31:01,785 INFO o.a.j.r.c.ReportGeneratorConfiguration: Property 'jmeter.reportgenerator.graph.activeThreadsOverTime.exclude_controllers' not found, using default value 'false' instead.
2018-06-25 16:31:01,785 INFO o.a.j.r.c.ReportGeneratorConfiguration: Property 'jmeter.reportgenerator.graph.timeVsThreads.exclude_controllers' not found, using default value 'false' instead.
2018-06-25 16:31:01,786 INFO o.a.j.r.c.ReportGeneratorConfiguration: Property 'jmeter.reportgenerator.graph.responseTimeDistribution.exclude_controllers' not found, using default value 'false' instead.
2018-06-25 16:31:01,786 INFO o.a.j.r.c.ReportGeneratorConfiguration: Property 'jmeter.reportgenerator.graph.transactionsPerSecond.exclude_controllers' not found, using default value 'false' instead.
2018-06-25 16:31:01,786 INFO o.a.j.r.c.ReportGeneratorConfiguration: Property 'jmeter.reportgenerator.graph.responseTimePercentiles.exclude_controllers' not found, using default value 'false' instead.
2018-06-25 16:31:01,786 INFO o.a.j.r.c.ReportGeneratorConfiguration: Property 'jmeter.reportgenerator.graph.responseTimePercentilesOverTime.exclude_controllers' not found, using default value 'false' instead.
2018-06-25 16:31:01,786 INFO o.a.j.r.c.ReportGeneratorConfiguration: Property 'jmeter.reportgenerator.graph.responseTimesOverTime.exclude_controllers' not found, using default value 'false' instead.
2018-06-25 16:31:01,786 INFO o.a.j.r.c.ReportGeneratorConfiguration: Property 'jmeter.reportgenerator.graph.connectTimeOverTime.exclude_controllers' not found, using default value 'false' instead.
2018-06-25 16:31:01,787 INFO o.a.j.r.c.ReportGeneratorConfiguration: Property 'jmeter.reportgenerator.graph.latenciesOverTime.exclude_controllers' not found, using default value 'false' instead.
2018-06-25 16:31:01,790 INFO o.a.j.r.c.ReportGeneratorConfiguration: Property 'jmeter.reportgenerator.exporter.html.filters_only_sample_series' not found, using default value 'true' instead.
2018-06-25 16:31:01,790 INFO o.a.j.r.c.ReportGeneratorConfiguration: Property 'jmeter.reportgenerator.exporter.html.series_filter' not found, using default value '' instead.
2018-06-25 16:31:01,790 INFO o.a.j.r.c.ReportGeneratorConfiguration: Property 'jmeter.reportgenerator.exporter.html.show_controllers_only' not found, using default value 'false' instead.
2018-06-25 16:31:01,795 INFO o.a.j.e.StandardJMeterEngine: Running the test!
2018-06-25 16:31:01,795 INFO o.a.j.s.SampleEvent: List of sample_variables: []
2018-06-25 16:31:01,795 INFO o.a.j.s.SampleEvent: List of sample_variables: []
2018-06-25 16:31:01,799 INFO o.a.j.e.u.CompoundVariable: Note: Function class names must contain the string: '.functions.'
2018-06-25 16:31:01,799 INFO o.a.j.e.u.CompoundVariable: Note: Function class names must not contain the string: '.gui.'
2018-06-25 16:31:02,076 INFO o.a.j.t.TestPlan: added ..\lib\ext\json-20170516.jar to classpath
2018-06-25 16:31:02,088 INFO o.a.j.JMeter: Running test (1529915462088)
2018-06-25 16:31:02,117 INFO o.a.j.e.StandardJMeterEngine: Starting ThreadGroup: 1 : Thread Group
2018-06-25 16:31:02,118 INFO o.a.j.e.StandardJMeterEngine: Starting 10 threads for group Thread Group.
2018-06-25 16:31:02,118 INFO o.a.j.e.StandardJMeterEngine: Thread will continue on error
2018-06-25 16:31:02,118 INFO o.a.j.t.ThreadGroup: Starting thread group... number=1 threads=10 ramp-up=120 perThread=12000.0 delayedStart=false
2018-06-25 16:31:02,123 INFO o.a.j.t.JMeterThread: Thread started: Thread Group 1-1
2018-06-25 16:31:02,126 INFO o.a.j.t.ThreadGroup: Started thread group number 1
2018-06-25 16:31:02,126 INFO o.a.j.e.StandardJMeterEngine: All thread groups have been started
2018-06-25 16:31:02,139 INFO o.a.j.p.h.s.HTTPHCAbstractImpl: Local host = ParisHuang
2018-06-25 16:31:02,143 INFO o.a.j.p.h.s.HTTPHC4Impl: HTTP request retry count = 0
2018-06-25 16:31:02,151 INFO o.a.j.s.SampleResult: Note: Sample TimeStamps are START times
2018-06-25 16:31:02,151 INFO o.a.j.s.SampleResult: sampleresult.default.encoding is set to ISO-8859-1
2018-06-25 16:31:02,151 INFO o.a.j.s.SampleResult: sampleresult.useNanoTime=true
2018-06-25 16:31:02,151 INFO o.a.j.s.SampleResult: sampleresult.nanoThreadSleep=5000
2018-06-25 16:31:02,200 INFO o.a.j.r.Summariser: summary +      1 in 00:00:00 =    8.9/s Avg:    28 Min:    28 Max:    28 Err:     1 (100.00%) Active: 1 Started: 1 Finished: 0
2018-06-25 16:31:02,201 INFO o.a.j.t.JMeterThread: Thread is done: Thread Group 1-1
2018-06-25 16:31:02,201 INFO o.a.j.t.JMeterThread: Thread finished: Thread Group 1-1
2018-06-25 16:31:14,123 INFO o.a.j.t.JMeterThread: Thread started: Thread Group 1-2
2018-06-25 16:31:14,127 INFO o.a.j.t.JMeterThread: Thread is done: Thread Group 1-2
2018-06-25 16:31:14,127 INFO o.a.j.t.JMeterThread: Thread finished: Thread Group 1-2
2018-06-25 16:31:26,123 INFO o.a.j.t.JMeterThread: Thread started: Thread Group 1-3
2018-06-25 16:31:26,127 INFO o.a.j.t.JMeterThread: Thread is done: Thread Group 1-3
2018-06-25 16:31:26,127 INFO o.a.j.t.JMeterThread: Thread finished: Thread Group 1-3
2018-06-25 16:31:38,123 INFO o.a.j.t.JMeterThread: Thread started: Thread Group 1-4
2018-06-25 16:31:38,126 INFO o.a.j.t.JMeterThread: Thread is done: Thread Group 1-4
2018-06-25 16:31:38,126 INFO o.a.j.t.JMeterThread: Thread finished: Thread Group 1-4
2018-06-25 16:31:50,124 INFO o.a.j.t.JMeterThread: Thread started: Thread Group 1-5
2018-06-25 16:31:50,127 INFO o.a.j.t.JMeterThread: Thread is done: Thread Group 1-5
2018-06-25 16:31:50,127 INFO o.a.j.t.JMeterThread: Thread finished: Thread Group 1-5
2018-06-25 16:32:02,125 INFO o.a.j.t.JMeterThread: Thread started: Thread Group 1-6
2018-06-25 16:32:02,128 INFO o.a.j.r.Summariser: summary +      5 in 00:01:00 =    0.1/s Avg:     2 Min:     2 Max:     2 Err:     5 (100.00%) Active: 1 Started: 6 Finished: 5
2018-06-25 16:32:02,128 INFO o.a.j.r.Summariser: summary =      6 in 00:01:00 =    0.1/s Avg:     6 Min:     2 Max:    28 Err:     6 (100.00%)
2018-06-25 16:32:02,129 INFO o.a.j.t.JMeterThread: Thread is done: Thread Group 1-6
2018-06-25 16:32:02,129 INFO o.a.j.t.JMeterThread: Thread finished: Thread Group 1-6
2018-06-25 16:32:14,127 INFO o.a.j.t.JMeterThread: Thread started: Thread Group 1-7
2018-06-25 16:32:14,130 INFO o.a.j.t.JMeterThread: Thread is done: Thread Group 1-7
2018-06-25 16:32:14,130 INFO o.a.j.t.JMeterThread: Thread finished: Thread Group 1-7
2018-06-25 16:32:26,127 INFO o.a.j.t.JMeterThread: Thread started: Thread Group 1-8
2018-06-25 16:32:26,130 INFO o.a.j.t.JMeterThread: Thread is done: Thread Group 1-8
2018-06-25 16:32:26,130 INFO o.a.j.t.JMeterThread: Thread finished: Thread Group 1-8
2018-06-25 16:32:38,127 INFO o.a.j.t.JMeterThread: Thread started: Thread Group 1-9
2018-06-25 16:32:38,131 INFO o.a.j.t.JMeterThread: Thread is done: Thread Group 1-9
2018-06-25 16:32:38,131 INFO o.a.j.t.JMeterThread: Thread finished: Thread Group 1-9
2018-06-25 16:32:50,128 INFO o.a.j.t.JMeterThread: Thread started: Thread Group 1-10
2018-06-25 16:32:50,131 INFO o.a.j.t.JMeterThread: Thread is done: Thread Group 1-10
2018-06-25 16:32:50,131 INFO o.a.j.t.JMeterThread: Thread finished: Thread Group 1-10
2018-06-25 16:32:50,131 INFO o.a.j.e.StandardJMeterEngine: Notifying test listeners of end of test
2018-06-25 16:32:50,132 INFO o.a.j.r.Summariser: summary +      4 in 00:00:48 =    0.1/s Avg:     1 Min:     1 Max:     2 Err:     4 (100.00%) Active: 0 Started: 10 Finished: 10
2018-06-25 16:32:50,133 INFO o.a.j.r.Summariser: summary =     10 in 00:01:48 =    0.1/s Avg:     4 Min:     1 Max:    28 Err:    10 (100.00%)
2018-06-25 16:32:50,133 INFO o.a.j.JMeter: Generating Dashboard
2018-06-25 16:32:50,133 INFO o.a.j.r.d.ReportGenerator: Flushing result collector before report Generation
2018-06-25 16:32:50,144 INFO o.a.j.r.p.NormalizerSampleConsumer: Using format, 'yyyy/MM/dd HH:mm:ss.SSS', to parse timeStamp field
2018-06-25 16:32:50,307 INFO o.a.j.r.p.AbstractSampleConsumer: class org.apache.jmeter.report.processor.AggregateConsumer#stopProducing(): beginDate produced 0 samples
2018-06-25 16:32:50,307 INFO o.a.j.r.p.AbstractSampleConsumer: class org.apache.jmeter.report.processor.AggregateConsumer#stopProducing(): endDate produced 0 samples
2018-06-25 16:32:50,307 INFO o.a.j.r.p.AbstractSampleConsumer: class org.apache.jmeter.report.processor.ApdexSummaryConsumer#stopProducing(): apdexSummary produced 0 samples
2018-06-25 16:32:50,307 INFO o.a.j.r.p.AbstractSampleConsumer: class org.apache.jmeter.report.processor.RequestsSummaryConsumer#stopProducing(): requestsSummary produced 0 samples
2018-06-25 16:32:50,313 INFO o.a.j.r.p.AbstractSampleConsumer: class org.apache.jmeter.report.processor.StatisticsSummaryConsumer#stopProducing(): statisticsSummary produced 0 samples
2018-06-25 16:32:50,313 INFO o.a.j.r.p.AbstractSampleConsumer: class org.apache.jmeter.report.processor.Top5ErrorsBySamplerConsumer#stopProducing(): top5ErrorsBySampler produced 0 samples
2018-06-25 16:32:50,313 INFO o.a.j.r.p.AbstractSampleConsumer: class org.apache.jmeter.report.processor.ErrorsSummaryConsumer#stopProducing(): errorsSummary produced 0 samples
2018-06-25 16:32:50,314 INFO o.a.j.r.p.AbstractSampleConsumer: class org.apache.jmeter.report.processor.graph.impl.HitsPerSecondGraphConsumer#stopProducing(): hitsPerSecond produced 0 samples
2018-06-25 16:32:50,322 INFO o.a.j.r.p.AbstractSampleConsumer: class org.apache.jmeter.report.processor.graph.impl.LatencyVSRequestGraphConsumer#stopProducing(): latencyVsRequest produced 0 samples
2018-06-25 16:32:50,322 INFO o.a.j.r.p.AbstractSampleConsumer: class org.apache.jmeter.report.processor.graph.impl.SyntheticResponseTimeDistributionGraphConsumer#stopProducing(): syntheticResponseTimeDistribution produced 0 samples
2018-06-25 16:32:50,323 INFO o.a.j.r.p.AbstractSampleConsumer: class org.apache.jmeter.report.processor.graph.impl.BytesThroughputGraphConsumer#stopProducing(): bytesThroughputOverTime produced 0 samples
2018-06-25 16:32:50,323 INFO o.a.j.r.p.AbstractSampleConsumer: class org.apache.jmeter.report.processor.graph.impl.CodesPerSecondGraphConsumer#stopProducing(): codesPerSecond produced 0 samples
2018-06-25 16:32:50,326 INFO o.a.j.r.p.AbstractSampleConsumer: class org.apache.jmeter.report.processor.graph.impl.ResponseTimeVSRequestGraphConsumer#stopProducing(): responseTimeVsRequest produced 0 samples
2018-06-25 16:32:50,326 INFO o.a.j.r.p.AbstractSampleConsumer: class org.apache.jmeter.report.processor.FilterConsumer#stopProducing(): startIntervalControlerFilter produced 70 samples
2018-06-25 16:32:50,326 INFO o.a.j.r.p.AbstractSampleConsumer: class org.apache.jmeter.report.processor.graph.impl.ActiveThreadsGraphConsumer#stopProducing(): activeThreadsOverTime produced 0 samples
2018-06-25 16:32:50,326 INFO o.a.j.r.p.AbstractSampleConsumer: class org.apache.jmeter.report.processor.graph.impl.TimeVSThreadGraphConsumer#stopProducing(): timeVsThreads produced 0 samples
2018-06-25 16:32:50,326 INFO o.a.j.r.p.AbstractSampleConsumer: class org.apache.jmeter.report.processor.graph.impl.ResponseTimeDistributionGraphConsumer#stopProducing(): responseTimeDistribution produced 0 samples
2018-06-25 16:32:50,326 INFO o.a.j.r.p.AbstractSampleConsumer: class org.apache.jmeter.report.processor.graph.impl.TransactionsPerSecondGraphConsumer#stopProducing(): transactionsPerSecond produced 0 samples
2018-06-25 16:32:50,326 INFO o.a.j.r.p.AbstractSampleConsumer: class org.apache.jmeter.report.processor.graph.impl.ResponseTimePercentilesGraphConsumer#stopProducing(): responseTimePercentiles produced 0 samples
2018-06-25 16:32:50,327 INFO o.a.j.r.p.AbstractSampleConsumer: class org.apache.jmeter.report.processor.graph.impl.ResponseTimePercentilesOverTimeGraphConsumer#stopProducing(): responseTimePercentilesOverTime produced 0 samples
2018-06-25 16:32:50,327 INFO o.a.j.r.p.AbstractSampleConsumer: class org.apache.jmeter.report.processor.graph.impl.ResponseTimeOverTimeGraphConsumer#stopProducing(): responseTimesOverTime produced 0 samples
2018-06-25 16:32:50,327 INFO o.a.j.r.p.AbstractSampleConsumer: class org.apache.jmeter.report.processor.graph.impl.ConnectTimeOverTimeGraphConsumer#stopProducing(): connectTimeOverTime produced 0 samples
2018-06-25 16:32:50,327 INFO o.a.j.r.p.AbstractSampleConsumer: class org.apache.jmeter.report.processor.graph.impl.LatencyOverTimeGraphConsumer#stopProducing(): latenciesOverTime produced 0 samples
2018-06-25 16:32:50,327 INFO o.a.j.r.p.AbstractSampleConsumer: class org.apache.jmeter.report.processor.FilterConsumer#stopProducing(): nameFilter produced 140 samples
2018-06-25 16:32:50,327 INFO o.a.j.r.p.AbstractSampleConsumer: class org.apache.jmeter.report.processor.FilterConsumer#stopProducing(): dateRangeFilter produced 30 samples
2018-06-25 16:32:50,327 INFO o.a.j.r.p.AbstractSampleConsumer: class org.apache.jmeter.report.processor.NormalizerSampleConsumer#stopProducing(): normalizer produced 10 samples
2018-06-25 16:32:50,328 INFO o.a.j.r.p.CsvFileSampleSource: produce(): 10 samples produced in 165ms on channel 0
2018-06-25 16:32:50,328 INFO o.a.j.r.d.ReportGenerator: Exporting data using exporter:'html' of className:'org.apache.jmeter.report.dashboard.HtmlTemplateExporter'
2018-06-25 16:32:50,330 INFO o.a.j.r.d.HtmlTemplateExporter: Will generate dashboard in folder: C:\Concourse\jmeter-pcf\output\reports\many_guardian_instantaneous_concurrent_call_get_safearrival_api
2018-06-25 16:32:50,386 INFO o.a.j.r.d.HtmlTemplateExporter: Report will be generated in: C:\Concourse\jmeter-pcf\output\reports\many_guardian_instantaneous_concurrent_call_get_safearrival_api, creating folder structure
2018-06-25 16:32:51,136 INFO o.a.j.JMeter: Dashboard generated
